2021-06-22 19:09:20,681 root INFO this is my first test code
2021-06-22 19:09:20,682 logger1.area1 INFO this is info or logger one 
2021-06-22 19:09:20,684 logger2.area2 DEBUG this is degub for logger two 
2021-06-22 19:09:20,684 logger2.area2 INFO this is info for logger two
2021-06-22 19:14:42,096 parso.cache DEBUG pickle loaded: /home/thomas/anaconda3/lib/python3.8/site-packages/jedi/third_party/typeshed/stdlib/2and3/builtins.pyi
2021-06-22 19:14:42,142 parso.cache DEBUG pickle loaded: /home/thomas/anaconda3/lib/python3.8/site-packages/jedi/third_party/typeshed/stdlib/3/sys.pyi
2021-06-22 19:14:42,403 parso.python.diff DEBUG diff parser start
2021-06-22 19:14:42,403 parso.python.diff DEBUG line_lengths old: 1; new: 1
2021-06-22 19:14:42,403 parso.python.diff DEBUG -> code[replace] old[1:1] new[1:1]
2021-06-22 19:14:42,404 parso.python.diff DEBUG parse_part from 1 to 1 (to 0 in part parser)
2021-06-22 19:14:42,404 parso.python.diff DEBUG diff parser end
2021-06-22 19:19:21,251 parso.python.diff DEBUG diff parser start
2021-06-22 19:19:21,251 parso.python.diff DEBUG line_lengths old: 1; new: 3
2021-06-22 19:19:21,251 parso.python.diff DEBUG -> code[replace] old[1:1] new[1:3]
2021-06-22 19:19:21,253 parso.python.diff DEBUG parse_part from 1 to 3 (to 2 in part parser)
2021-06-22 19:19:21,254 parso.python.diff DEBUG diff parser end
2021-06-22 19:19:21,666 parso.python.diff DEBUG diff parser start
2021-06-22 19:19:21,666 parso.python.diff DEBUG line_lengths old: 3; new: 3
2021-06-22 19:19:21,667 parso.python.diff DEBUG -> code[equal] old[1:2] new[1:2]
2021-06-22 19:19:21,667 parso.python.diff DEBUG copy old[1:2] new[1:2]
2021-06-22 19:19:21,667 parso.python.diff DEBUG -> code[replace] old[3:3] new[3:3]
2021-06-22 19:19:21,667 parso.python.diff DEBUG parse_part from 3 to 3 (to 2 in part parser)
2021-06-22 19:19:21,668 parso.python.diff DEBUG diff parser end
2021-06-22 19:19:21,686 parso.cache DEBUG pickle loaded: /home/thomas/anaconda3/lib/python3.8/os.py
2021-06-22 19:19:26,678 parso.python.diff DEBUG diff parser start
2021-06-22 19:19:26,678 parso.python.diff DEBUG line_lengths old: 3; new: 3
2021-06-22 19:19:26,678 parso.python.diff DEBUG -> code[equal] old[1:2] new[1:2]
2021-06-22 19:19:26,678 parso.python.diff DEBUG copy old[1:2] new[1:2]
2021-06-22 19:19:26,678 parso.python.diff DEBUG -> code[replace] old[3:3] new[3:3]
2021-06-22 19:19:26,679 parso.python.diff DEBUG parse_part from 3 to 3 (to 2 in part parser)
2021-06-22 19:19:26,679 parso.python.diff DEBUG diff parser end
2021-06-22 19:19:26,685 parso.cache DEBUG pickle loaded: /home/thomas/anaconda3/lib/python3.8/site-packages/jedi/third_party/typeshed/stdlib/3/posix.pyi
2021-06-22 19:19:26,974 parso.python.diff DEBUG diff parser start
2021-06-22 19:19:26,975 parso.python.diff DEBUG line_lengths old: 3; new: 3
2021-06-22 19:19:26,975 parso.python.diff DEBUG -> code[equal] old[1:2] new[1:2]
2021-06-22 19:19:26,975 parso.python.diff DEBUG copy old[1:2] new[1:2]
2021-06-22 19:19:26,975 parso.python.diff DEBUG -> code[replace] old[3:3] new[3:3]
2021-06-22 19:19:26,976 parso.python.diff DEBUG parse_part from 3 to 3 (to 2 in part parser)
2021-06-22 19:19:26,976 parso.python.diff DEBUG diff parser end
2021-06-22 19:19:28,570 parso.python.diff DEBUG diff parser start
2021-06-22 19:19:28,570 parso.python.diff DEBUG line_lengths old: 3; new: 3
2021-06-22 19:19:28,570 parso.python.diff DEBUG -> code[equal] old[1:2] new[1:2]
2021-06-22 19:19:28,570 parso.python.diff DEBUG copy old[1:2] new[1:2]
2021-06-22 19:19:28,571 parso.python.diff DEBUG -> code[replace] old[3:3] new[3:3]
2021-06-22 19:19:28,571 parso.python.diff DEBUG parse_part from 3 to 3 (to 2 in part parser)
2021-06-22 19:19:28,571 parso.python.diff DEBUG diff parser end
2021-06-22 19:19:29,725 parso.python.diff DEBUG diff parser start
2021-06-22 19:19:29,725 parso.python.diff DEBUG line_lengths old: 3; new: 3
2021-06-22 19:19:29,725 parso.python.diff DEBUG -> code[equal] old[1:2] new[1:2]
2021-06-22 19:19:29,725 parso.python.diff DEBUG copy old[1:2] new[1:2]
2021-06-22 19:19:29,725 parso.python.diff DEBUG -> code[replace] old[3:3] new[3:3]
2021-06-22 19:19:29,726 parso.python.diff DEBUG parse_part from 3 to 3 (to 2 in part parser)
2021-06-22 19:19:29,726 parso.python.diff DEBUG diff parser end
2021-06-22 19:19:37,535 parso.python.diff DEBUG diff parser start
2021-06-22 19:19:37,536 parso.python.diff DEBUG line_lengths old: 3; new: 3
2021-06-22 19:19:37,536 parso.python.diff DEBUG -> code[equal] old[1:2] new[1:2]
2021-06-22 19:19:37,536 parso.python.diff DEBUG copy old[1:2] new[1:2]
2021-06-22 19:19:37,536 parso.python.diff DEBUG -> code[replace] old[3:3] new[3:3]
2021-06-22 19:19:37,537 parso.python.diff DEBUG parse_part from 3 to 3 (to 2 in part parser)
2021-06-22 19:19:37,537 parso.python.diff DEBUG diff parser end
2021-06-22 19:19:37,603 parso.cache DEBUG pickle loaded: /home/thomas/anaconda3/lib/python3.8/typing.py
2021-06-22 19:19:37,614 parso.cache DEBUG pickle loaded: /home/thomas/anaconda3/lib/python3.8/site-packages/jedi/third_party/typeshed/stdlib/3/typing.pyi
2021-06-22 19:19:38,589 parso.python.diff DEBUG diff parser start
2021-06-22 19:19:38,589 parso.python.diff DEBUG line_lengths old: 3; new: 3
2021-06-22 19:19:38,589 parso.python.diff DEBUG -> code[equal] old[1:2] new[1:2]
2021-06-22 19:19:38,590 parso.python.diff DEBUG copy old[1:2] new[1:2]
2021-06-22 19:19:38,590 parso.python.diff DEBUG -> code[replace] old[3:3] new[3:3]
2021-06-22 19:19:38,590 parso.python.diff DEBUG parse_part from 3 to 3 (to 2 in part parser)
2021-06-22 19:19:38,590 parso.python.diff DEBUG diff parser end
2021-06-22 19:19:43,630 root INFO this is my first test code
2021-06-22 19:19:43,633 logger1.area1 INFO this is info or logger one 
2021-06-22 19:19:43,635 logger2.area2 DEBUG this is degub for logger two 
2021-06-22 19:19:43,635 logger2.area2 INFO this is info for logger two
